<?xml version="1.0" encoding="UTF-8"?>
<testng-results ignored="0" total="1" passed="1" failed="0" skipped="0">
  <reporter-output>
  </reporter-output>
  <suite started-at="2024-07-21T03:02:27Z" name="Default suite" finished-at="2024-07-21T03:02:30Z" duration-ms="2666">
    <groups>
    </groups>
    <test started-at="2024-07-21T03:02:27Z" name="Default test" finished-at="2024-07-21T03:02:30Z" duration-ms="2666">
      <class name="testing.Test_selenium">
        <test-method signature="f()[pri:0, instance:testing.Test_selenium@327bcebd]" started-at="2024-07-20T21:02:27Z" name="f" finished-at="2024-07-20T21:02:30Z" duration-ms="2619" status="PASS">
          <reporter-output>
          </reporter-output>
        </test-method> <!-- f -->
      </class> <!-- testing.Test_selenium -->
    </test> <!-- Default test -->
  </suite> <!-- Default suite -->
</testng-results>
